<?xml version="1.0" encoding="UTF-8"?>
<testng-results ignored="0" total="4" passed="2" failed="0" skipped="2">
  <reporter-output>
  </reporter-output>
  <suite started-at="2020-02-02T22:28:32 IST" name="Page Object Model" finished-at="2020-02-02T22:29:21 IST" duration-ms="48688">
    <groups>
    </groups>
    <test started-at="2020-02-02T22:28:32 IST" name="Login test" finished-at="2020-02-02T22:28:57 IST" duration-ms="24702">
      <class name="com.ka.testCases.testCaseLogin">
        <test-method signature="TestCaseLogin(java.util.Hashtable)[pri:0, instance:com.ka.testCases.testCaseLogin@5bf22f18]" started-at="2020-02-02T22:28:32 IST" name="TestCaseLogin" data-provider="dp" finished-at="2020-02-02T22:28:56 IST" duration-ms="23749" status="PASS">
          <params>
            <param index="0">
              <value>
                <![CDATA[{password=Anusuya@63, runmode=Y, username=karthikbdvt6@gmail.com}]]>
              </value>
            </param>
          </params>
          <reporter-output>
          </reporter-output>
        </test-method> <!-- TestCaseLogin -->
        <test-method is-config="true" signature="tearDown()[pri:0, instance:com.ka.testCases.testCaseLogin@5bf22f18]" started-at="2020-02-02T22:28:56 IST" name="tearDown" finished-at="2020-02-02T22:28:57 IST" duration-ms="870" status="PASS">
          <reporter-output>
          </reporter-output>
        </test-method> <!-- tearDown -->
        <test-method signature="TestCaseLogin(java.util.Hashtable)[pri:0, instance:com.ka.testCases.testCaseLogin@5bf22f18]" started-at="2020-02-02T22:28:57 IST" name="TestCaseLogin" data-provider="dp" finished-at="2020-02-02T22:28:57 IST" duration-ms="2" status="SKIP">
          <params>
            <param index="0">
              <value>
                <![CDATA[{password=kasgfhejfke, runmode=N, username=kushalgambir6@gmail.com}]]>
              </value>
            </param>
          </params>
          <exception class="org.testng.SkipException">
            <message>
              <![CDATA[Skipping the Test case as the runmode is N]]>
            </message>
            <full-stacktrace>
              <![CDATA[org.testng.SkipException: Skipping the Test case as the runmode is N
at com.ka.testCases.testCaseLogin.TestCaseLogin(testCaseLogin.java:24)
at java.base/jdk.internal.reflect.NativeMethodAccessorImpl.invoke0(Native Method)
at java.base/jdk.internal.reflect.NativeMethodAccessorImpl.invoke(NativeMethodAccessorImpl.java:62)
at java.base/jdk.internal.reflect.DelegatingMethodAccessorImpl.invoke(DelegatingMethodAccessorImpl.java:43)
at java.base/java.lang.reflect.Method.invoke(Method.java:566)
at org.testng.internal.MethodInvocationHelper.invokeMethod(MethodInvocationHelper.java:134)
at org.testng.internal.TestInvoker.invokeMethod(TestInvoker.java:597)
at org.testng.internal.TestInvoker.invokeTestMethod(TestInvoker.java:173)
at org.testng.internal.MethodRunner.runInSequence(MethodRunner.java:46)
at org.testng.internal.TestInvoker$MethodInvocationAgent.invoke(TestInvoker.java:816)
at org.testng.internal.TestInvoker.invokeTestMethods(TestInvoker.java:146)
at org.testng.internal.TestMethodWorker.invokeTestMethods(TestMethodWorker.java:146)
at org.testng.internal.TestMethodWorker.run(TestMethodWorker.java:128)
at java.base/java.util.ArrayList.forEach(ArrayList.java:1540)
at org.testng.TestRunner.privateRun(TestRunner.java:766)
at org.testng.TestRunner.run(TestRunner.java:587)
at org.testng.SuiteRunner.runTest(SuiteRunner.java:384)
at org.testng.SuiteRunner.runSequentially(SuiteRunner.java:378)
at org.testng.SuiteRunner.privateRun(SuiteRunner.java:337)
at org.testng.SuiteRunner.run(SuiteRunner.java:286)
at org.testng.SuiteRunnerWorker.runSuite(SuiteRunnerWorker.java:53)
at org.testng.SuiteRunnerWorker.run(SuiteRunnerWorker.java:96)
at org.testng.TestNG.runSuitesSequentially(TestNG.java:1187)
at org.testng.TestNG.runSuitesLocally(TestNG.java:1109)
at org.testng.TestNG.runSuites(TestNG.java:1039)
at org.testng.TestNG.run(TestNG.java:1007)
at org.apache.maven.surefire.testng.TestNGExecutor.run(TestNGExecutor.java:283)
at org.apache.maven.surefire.testng.TestNGXmlTestSuite.execute(TestNGXmlTestSuite.java:75)
at org.apache.maven.surefire.testng.TestNGProvider.invoke(TestNGProvider.java:120)
at org.apache.maven.surefire.booter.ForkedBooter.runSuitesInProcess(ForkedBooter.java:377)
at org.apache.maven.surefire.booter.ForkedBooter.execute(ForkedBooter.java:138)
at org.apache.maven.surefire.booter.ForkedBooter.run(ForkedBooter.java:465)
at org.apache.maven.surefire.booter.ForkedBooter.main(ForkedBooter.java:451)
]]>
            </full-stacktrace>
          </exception> <!-- org.testng.SkipException -->
          <reporter-output>
          </reporter-output>
        </test-method> <!-- TestCaseLogin -->
        <test-method is-config="true" signature="tearDown()[pri:0, instance:com.ka.testCases.testCaseLogin@5bf22f18]" started-at="2020-02-02T22:28:57 IST" name="tearDown" finished-at="2020-02-02T22:28:57 IST" duration-ms="1" status="PASS">
          <reporter-output>
          </reporter-output>
        </test-method> <!-- tearDown -->
      </class> <!-- com.ka.testCases.testCaseLogin -->
    </test> <!-- Login test -->
    <test started-at="2020-02-02T22:28:58 IST" name="Search Flight Test" finished-at="2020-02-02T22:29:21 IST" duration-ms="23346">
      <class name="com.ka.testCases.flightSearchTest">
        <test-method signature="FlightSearchTest(java.util.Hashtable)[pri:0, instance:com.ka.testCases.flightSearchTest@1d1f7216]" started-at="2020-02-02T22:28:58 IST" name="FlightSearchTest" data-provider="dp" finished-at="2020-02-02T22:28:58 IST" duration-ms="1" status="SKIP">
          <params>
            <param index="0">
              <value>
                <![CDATA[{returning=11/25/20, departing=11/4/20, runmode=N, to=Madrid, Spain (MAD-All Airports), from=Bengaluru, India (BLR-Kempegowda Intl.)}]]>
              </value>
            </param>
          </params>
          <exception class="org.testng.SkipException">
            <message>
              <![CDATA[Skipping the test case as the runmode is N]]>
            </message>
            <full-stacktrace>
              <![CDATA[org.testng.SkipException: Skipping the test case as the runmode is N
at com.ka.testCases.flightSearchTest.FlightSearchTest(flightSearchTest.java:24)
at java.base/jdk.internal.reflect.NativeMethodAccessorImpl.invoke0(Native Method)
at java.base/jdk.internal.reflect.NativeMethodAccessorImpl.invoke(NativeMethodAccessorImpl.java:62)
at java.base/jdk.internal.reflect.DelegatingMethodAccessorImpl.invoke(DelegatingMethodAccessorImpl.java:43)
at java.base/java.lang.reflect.Method.invoke(Method.java:566)
at org.testng.internal.MethodInvocationHelper.invokeMethod(MethodInvocationHelper.java:134)
at org.testng.internal.TestInvoker.invokeMethod(TestInvoker.java:597)
at org.testng.internal.TestInvoker.invokeTestMethod(TestInvoker.java:173)
at org.testng.internal.MethodRunner.runInSequence(MethodRunner.java:46)
at org.testng.internal.TestInvoker$MethodInvocationAgent.invoke(TestInvoker.java:816)
at org.testng.internal.TestInvoker.invokeTestMethods(TestInvoker.java:146)
at org.testng.internal.TestMethodWorker.invokeTestMethods(TestMethodWorker.java:146)
at org.testng.internal.TestMethodWorker.run(TestMethodWorker.java:128)
at java.base/java.util.ArrayList.forEach(ArrayList.java:1540)
at org.testng.TestRunner.privateRun(TestRunner.java:766)
at org.testng.TestRunner.run(TestRunner.java:587)
at org.testng.SuiteRunner.runTest(SuiteRunner.java:384)
at org.testng.SuiteRunner.runSequentially(SuiteRunner.java:378)
at org.testng.SuiteRunner.privateRun(SuiteRunner.java:337)
at org.testng.SuiteRunner.run(SuiteRunner.java:286)
at org.testng.SuiteRunnerWorker.runSuite(SuiteRunnerWorker.java:53)
at org.testng.SuiteRunnerWorker.run(SuiteRunnerWorker.java:96)
at org.testng.TestNG.runSuitesSequentially(TestNG.java:1187)
at org.testng.TestNG.runSuitesLocally(TestNG.java:1109)
at org.testng.TestNG.runSuites(TestNG.java:1039)
at org.testng.TestNG.run(TestNG.java:1007)
at org.apache.maven.surefire.testng.TestNGExecutor.run(TestNGExecutor.java:283)
at org.apache.maven.surefire.testng.TestNGXmlTestSuite.execute(TestNGXmlTestSuite.java:75)
at org.apache.maven.surefire.testng.TestNGProvider.invoke(TestNGProvider.java:120)
at org.apache.maven.surefire.booter.ForkedBooter.runSuitesInProcess(ForkedBooter.java:377)
at org.apache.maven.surefire.booter.ForkedBooter.execute(ForkedBooter.java:138)
at org.apache.maven.surefire.booter.ForkedBooter.run(ForkedBooter.java:465)
at org.apache.maven.surefire.booter.ForkedBooter.main(ForkedBooter.java:451)
]]>
            </full-stacktrace>
          </exception> <!-- org.testng.SkipException -->
          <reporter-output>
          </reporter-output>
        </test-method> <!-- FlightSearchTest -->
        <test-method is-config="true" signature="tearDown()[pri:0, instance:com.ka.testCases.flightSearchTest@1d1f7216]" started-at="2020-02-02T22:28:58 IST" name="tearDown" finished-at="2020-02-02T22:28:58 IST" duration-ms="0" status="PASS">
          <reporter-output>
          </reporter-output>
        </test-method> <!-- tearDown -->
        <test-method signature="FlightSearchTest(java.util.Hashtable)[pri:0, instance:com.ka.testCases.flightSearchTest@1d1f7216]" started-at="2020-02-02T22:28:58 IST" name="FlightSearchTest" data-provider="dp" finished-at="2020-02-02T22:29:20 IST" duration-ms="22498" status="PASS">
          <params>
            <param index="0">
              <value>
                <![CDATA[{returning=12/28/20, departing=12/20/20, runmode=Y, to=London, United Kingdom (LON-All Airports), from=Bengaluru, India (BLR-Kempegowda Intl.)}]]>
              </value>
            </param>
          </params>
          <reporter-output>
          </reporter-output>
        </test-method> <!-- FlightSearchTest -->
        <test-method is-config="true" signature="tearDown()[pri:0, instance:com.ka.testCases.flightSearchTest@1d1f7216]" started-at="2020-02-02T22:29:20 IST" name="tearDown" finished-at="2020-02-02T22:29:21 IST" duration-ms="821" status="PASS">
          <reporter-output>
          </reporter-output>
        </test-method> <!-- tearDown -->
      </class> <!-- com.ka.testCases.flightSearchTest -->
    </test> <!-- Search Flight Test -->
  </suite> <!-- Page Object Model -->
</testng-results>
